<?xml version="1.0" encoding="UTF-8"?>
<!-- Generated by org.testng.reporters.JUnitReportReporter -->
<testsuite hostname="REM-LT-231129D" failures="0" tests="2" name="org.coeqacourse.eCommerce_TC_01" time="29.401" errors="0" timestamp="2024-01-25T11:07:11 CST" skipped="0">
  <testcase classname="org.coeqacourse.eCommerce_TC_01" name="FillForm_PositiveFlow" time="13.883"/>
  <testcase classname="org.coeqacourse.eCommerce_TC_01" name="FillForm_ErrorValidation" time="15.518"/>
</testsuite> <!-- org.coeqacourse.eCommerce_TC_01 -->
