<?xml version="1.0" encoding="UTF-8"?>
<!-- Generated by org.testng.reporters.JUnitReportReporter -->
<testsuite hostname="REM-LT-231129D" failures="0" tests="1" name="org.coeqacourse.eCommerce_TC_4_Hybrid" time="18.572" errors="0" timestamp="2024-01-25T11:59:45 CST" skipped="0">
  <testcase classname="org.coeqacourse.eCommerce_TC_4_Hybrid" name="FillForm" time="18.572"/>
</testsuite> <!-- org.coeqacourse.eCommerce_TC_4_Hybrid -->
