<?xml version="1.0" encoding="UTF-8"?>
<!-- Generated by org.testng.reporters.JUnitReportReporter -->
<testsuite hostname="REM-LT-231129D" failures="0" tests="2" name="org.coeqacourse.eCommerce_TC_01" time="28.070" errors="0" timestamp="2024-01-25T11:59:45 CST" skipped="0">
  <testcase classname="org.coeqacourse.eCommerce_TC_01" name="FillForm_PositiveFlow" time="12.900"/>
  <testcase classname="org.coeqacourse.eCommerce_TC_01" name="FillForm_ErrorValidation" time="15.170"/>
</testsuite> <!-- org.coeqacourse.eCommerce_TC_01 -->
